#
# A fatal error has been detected by the Java Runtime Environment:
#
#  SIGSEGV (0xb) at pc=0x00007f462eb58aa3, pid=31717, tid=139938283075920
#
# JRE version: 6.0_14-b08
# Java VM: Java HotSpot(TM) 64-Bit Server VM (14.0-b16 mixed mode linux-amd64 )
# Problematic frame:
# V  [libjvm.so+0x6a7aa3]
#
# If you would like to submit a bug report, please visit:
#   http://java.sun.com/webapps/bugreport/crash.jsp
#

---------------  T H R E A D  ---------------

Current thread (0x0000000041b74800):  JavaThread "JDWP Transport Listener: dt_socket" daemon [_thread_in_vm, id=31732, stack(0x00007f45eb973000,0x00007f45eba74000)]

siginfo:si_signo=SIGSEGV: si_errno=0, si_code=1 (SEGV_MAPERR), si_addr=0x0000000000000018

Registers:
RAX=0x0000000000000018, RBX=0x0000000000000036, RCX=0x0000000000000000, RDX=0x0000000000000000
RSP=0x00007f45eba72b50, RBP=0x00007f45eba72b50, RSI=0x0000000000000036, RDI=0x0000000000000018
R8 =0x0000000000000000, R9 =0x0000000000000000, R10=0x00007f462ee8d058, R11=0x0000000000000018
R12=0x0000000000000018, R13=0x0000000041b751f0, R14=0x0000000000000000, R15=0x00007f45eba72bb0
RIP=0x00007f462eb58aa3, EFL=0x0000000000010297, CSGSFS=0x0000000000000033, ERR=0x0000000000000004
  TRAPNO=0x000000000000000e

Top of Stack: (sp=0x00007f45eba72b50)
0x00007f45eba72b50:   00007f45eba72b70 00007f462eb58af1
0x00007f45eba72b60:   0000000041b755c8 000000004211e330
0x00007f45eba72b70:   00007f45eba72b80 00007f462e85b67d
0x00007f45eba72b80:   00007f45eba72c20 00007f462e885971
0x00007f45eba72b90:   0000000041b74500 0000000041b751e0
0x00007f45eba72ba0:   0000000041b751f0 0000000041b755c8
0x00007f45eba72bb0:   0000000041b74800 0000000000000000
0x00007f45eba72bc0:   0000000041b74800 0000000000000001
0x00007f45eba72bd0:   0000000041b74800 0000000000000001
0x00007f45eba72be0:   0000000041b74800 00007f462d8aaadf
0x00007f45eba72bf0:   000000004211e330 00007f45eba72e10
0x00007f45eba72c00:   00007f45eba72c80 000000004211e330
0x00007f45eba72c10:   00007f462d9b70f0 00007f462e229990
0x00007f45eba72c20:   0000000041b749b8 00007f462d88a94d
0x00007f45eba72c30:   00007f45eba72c80 00007f45eba72e40
0x00007f45eba72c40:   00007f45eba72e10 00007f462d9b70f0
0x00007f45eba72c50:   0000000000000001 00007f462d8928fb
0x00007f45eba72c60:   00000cce00000013 0000000041010a00
0x00007f45eba72c70:   0000000041d40120 00007f45eba72c80
0x00007f45eba72c80:   00007f45eba72cd0 000000000000012c
0x00007f45eba72c90:   00007f45eba72c98 00007f4500000000
0x00007f45eba72ca0:   00007f45eba72cd0 0000000000000000
0x00007f45eba72cb0:   0000000000000000 00000cce00000014
0x00007f45eba72cc0:   000000000000cc80 00007f45eba72cd0
0x00007f45eba72cd0:   0000004901000000 0000002800000036
0x00007f45eba72ce0:   7f00001800000000 000000a83300e445
0x00007f45eba72cf0:   0000003b00000000 0000010100810000
0x00007f45eba72d00:   00001d0000000000 0000682e00e4457f
0x00007f45eba72d10:   00000d0000000000 0001020081000000
0x00007f45eba72d20:   001c000000000000 00e82b00e4457f00
0x00007f45eba72d30:   0017000000000000 0103008100000000
0x00007f45eba72d40:   1400000000000000 a82b00e4457f0000 

Instructions: (pc=0x00007f462eb58aa3)
0x00007f462eb58a93:   55 45 31 c9 41 39 f0 48 89 e5 7d 1c 90 49 63 d1
0x00007f462eb58aa3:   0f b7 0c 57 8d 51 ff 66 83 fa 7e 77 10 41 ff c0 

Stack: [0x00007f45eb973000,0x00007f45eba74000],  sp=0x00007f45eba72b50,  free space=1022k
Native frames: (J=compiled Java code, j=interpreted, Vv=VM code, C=native code)
V  [libjvm.so+0x6a7aa3]
V  [libjvm.so+0x6a7af1]
V  [libjvm.so+0x3aa67d]
V  [libjvm.so+0x3d4971]


---------------  P R O C E S S  ---------------

Java Threads: ( => current thread )
  0x0000000042009000 JavaThread "AWT-XAWT" daemon [_thread_in_native, id=31745, stack(0x00007f45e9716000,0x00007f45e9817000)]
  0x0000000041cd6800 JavaThread "Java2D Disposer" daemon [_thread_blocked, id=31744, stack(0x00007f45e9e46000,0x00007f45e9f47000)]
  0x0000000041b97800 JavaThread "Low Memory Detector" daemon [_thread_blocked, id=31741, stack(0x00007f45eb46e000,0x00007f45eb56f000)]
  0x0000000041b94800 JavaThread "CompilerThread1" daemon [_thread_blocked, id=31740, stack(0x00007f45eb56f000,0x00007f45eb670000)]
  0x0000000041b90800 JavaThread "CompilerThread0" daemon [_thread_blocked, id=31739, stack(0x00007f45eb670000,0x00007f45eb771000)]
  0x0000000041b7b000 JavaThread "JDWP Command Reader" daemon [_thread_in_native, id=31736, stack(0x00007f45eb771000,0x00007f45eb872000)]
  0x0000000041b78800 JavaThread "JDWP Event Helper Thread" daemon [_thread_blocked, id=31735, stack(0x00007f45eb872000,0x00007f45eb973000)]
=>0x0000000041b74800 JavaThread "JDWP Transport Listener: dt_socket" daemon [_thread_in_vm, id=31732, stack(0x00007f45eb973000,0x00007f45eba74000)]
  0x0000000041b69000 JavaThread "Signal Dispatcher" daemon [_thread_blocked, id=31725, stack(0x00007f45ebb78000,0x00007f45ebc79000)]
  0x0000000041b4c800 JavaThread "Finalizer" daemon [_thread_blocked, id=31723, stack(0x00007f45ebc79000,0x00007f45ebd7a000)]
  0x0000000041b45800 JavaThread "Reference Handler" daemon [_thread_blocked, id=31722, stack(0x00007f45ebd7a000,0x00007f45ebe7b000)]
  0x0000000041ae6800 JavaThread "main" [_thread_blocked, id=31718, stack(0x00007f462e12b000,0x00007f462e22c000)]

Other Threads:
  0x0000000041b3e800 VMThread [stack: 0x00007f45ebe7b000,0x00007f45ebf7c000] [id=31721]
  0x0000000041b9a000 WatcherThread [stack: 0x00007f45eb36d000,0x00007f45eb46e000] [id=31742]

VM state:not at safepoint (normal execution)

VM Mutex/Monitor currently owned by a thread: None

Heap
 PSYoungGen      total 16832K, used 6181K [0x00007f4617290000, 0x00007f4618550000, 0x00007f4629e90000)
  eden space 14464K, 42% used [0x00007f4617290000,0x00007f46178994f0,0x00007f46180b0000)
  from space 2368K, 0% used [0x00007f4618300000,0x00007f4618300000,0x00007f4618550000)
  to   space 2368K, 0% used [0x00007f46180b0000,0x00007f46180b0000,0x00007f4618300000)
 PSOldGen        total 38400K, used 0K [0x00007f45f1a90000, 0x00007f45f4010000, 0x00007f4617290000)
  object space 38400K, 0% used [0x00007f45f1a90000,0x00007f45f1a90000,0x00007f45f4010000)
 PSPermGen       total 21248K, used 10514K [0x00007f45ec690000, 0x00007f45edb50000, 0x00007f45f1a90000)
  object space 21248K, 49% used [0x00007f45ec690000,0x00007f45ed0d4908,0x00007f45edb50000)

Dynamic libraries:
40000000-40009000 r-xp 00000000 08:01 135400                             /usr/lib/jvm/java-6-sun-1.6.0.14/jre/bin/java
40108000-4010a000 rwxp 00008000 08:01 135400                             /usr/lib/jvm/java-6-sun-1.6.0.14/jre/bin/java
413ee000-413f0000 rwxp 00000000 00:0f 733                                /dev/zero
41ad3000-42222000 rwxp 41ad3000 00:00 0                                  [heap]
7f45e3905000-7f45e3907000 r-xp 00000000 08:01 144101                     /home/mpaulait/workspace/liquids/native/libjogl_awt.so
7f45e3907000-7f45e3a06000 ---p 00002000 08:01 144101                     /home/mpaulait/workspace/liquids/native/libjogl_awt.so
7f45e3a06000-7f45e3a07000 rwxp 00001000 08:01 144101                     /home/mpaulait/workspace/liquids/native/libjogl_awt.so
7f45e3a07000-7f45e3a08000 r-xp 00000000 08:01 135534                     /usr/lib/jvm/java-6-sun-1.6.0.14/jre/lib/amd64/libjawt.so
7f45e3a08000-7f45e3b07000 ---p 00001000 08:01 135534                     /usr/lib/jvm/java-6-sun-1.6.0.14/jre/lib/amd64/libjawt.so
7f45e3b07000-7f45e3b08000 rwxp 00000000 08:01 135534                     /usr/lib/jvm/java-6-sun-1.6.0.14/jre/lib/amd64/libjawt.so
7f45e3b08000-7f45e3b0d000 r-xp 00000000 08:01 9126                       /usr/lib/libXxf86vm.so.1.0.0
7f45e3b0d000-7f45e3d0c000 ---p 00005000 08:01 9126                       /usr/lib/libXxf86vm.so.1.0.0
7f45e3d0c000-7f45e3d0d000 r-xp 00004000 08:01 9126                       /usr/lib/libXxf86vm.so.1.0.0
7f45e3d0d000-7f45e3d0e000 rwxp 00005000 08:01 9126                       /usr/lib/libXxf86vm.so.1.0.0
7f45e3d0e000-7f45e3dfd000 r-xp 00000000 08:01 144100                     /home/mpaulait/workspace/liquids/native/libjogl.so
7f45e3dfd000-7f45e3efd000 ---p 000ef000 08:01 144100                     /home/mpaulait/workspace/liquids/native/libjogl.so
7f45e3efd000-7f45e3efe000 rwxp 000ef000 08:01 144100                     /home/mpaulait/workspace/liquids/native/libjogl.so
7f45e3efe000-7f45e3eff000 r-xp 00000000 08:01 134399                     /usr/lib/tls/libnvidia-tls.so.180.44
7f45e3eff000-7f45e3fff000 ---p 00001000 08:01 134399                     /usr/lib/tls/libnvidia-tls.so.180.44
7f45e3fff000-7f45e4000000 rwxp 00001000 08:01 134399                     /usr/lib/tls/libnvidia-tls.so.180.44
7f45e4000000-7f45e4021000 rwxp 7f45e4000000 00:00 0 
7f45e4021000-7f45e8000000 ---p 7f45e4021000 00:00 0 
7f45e804a000-7f45e8dec000 r-xp 00000000 08:01 134405                     /usr/lib/libGLcore.so.180.44
7f45e8dec000-7f45e8eeb000 ---p 00da2000 08:01 134405                     /usr/lib/libGLcore.so.180.44
7f45e8eeb000-7f45e9322000 rwxp 00da1000 08:01 134405                     /usr/lib/libGLcore.so.180.44
7f45e9322000-7f45e9334000 rwxp 7f45e9322000 00:00 0 
7f45e9334000-7f45e93d9000 r-xp 00000000 08:01 134404                     /usr/lib/libGL.so.180.44
7f45e93d9000-7f45e94d8000 ---p 000a5000 08:01 134404                     /usr/lib/libGL.so.180.44
7f45e94d8000-7f45e9510000 rwxp 000a4000 08:01 134404                     /usr/lib/libGL.so.180.44
7f45e9510000-7f45e9526000 rwxp 7f45e9510000 00:00 0 
7f45e9526000-7f45e952f000 r-xs 00000000 08:01 106090                     /var/cache/fontconfig/945677eb7aeaf62f1d50efc3fb3ec7d8-x86-64.cache-2
7f45e952f000-7f45e9532000 r-xs 00000000 08:01 106099                     /var/cache/fontconfig/e383d7ea5fbe662a33d9b44caf393297-x86-64.cache-2
7f45e9532000-7f45e953d000 r-xs 00000000 08:01 106100                     /var/cache/fontconfig/e3de0de479f42330eadf588a55fb5bf4-x86-64.cache-2
7f45e953d000-7f45e954c000 r-xs 00000000 08:01 106080                     /var/cache/fontconfig/0f34bcd4b6ee430af32735b75db7f02b-x86-64.cache-2
7f45e9615000-7f45e9616000 r-xp 00000000 08:01 144099                     /home/mpaulait/workspace/liquids/native/libgluegen-rt.so
7f45e9616000-7f45e9715000 ---p 00001000 08:01 144099                     /home/mpaulait/workspace/liquids/native/libgluegen-rt.so
7f45e9715000-7f45e9716000 rwxp 00000000 08:01 144099                     /home/mpaulait/workspace/liquids/native/libgluegen-rt.so
7f45e9716000-7f45e9719000 ---p 7f45e9716000 00:00 0 
7f45e9719000-7f45e9817000 rwxp 7f45e9719000 00:00 0 
7f45e9817000-7f45e981c000 r-xp 00000000 08:01 9088                       /usr/lib/libXfixes.so.3.1.0
7f45e981c000-7f45e9a1b000 ---p 00005000 08:01 9088                       /usr/lib/libXfixes.so.3.1.0
7f45e9a1b000-7f45e9a1c000 rwxp 00004000 08:01 9088                       /usr/lib/libXfixes.so.3.1.0
7f45e9a1c000-7f45e9a25000 r-xp 00000000 08:01 9108                       /usr/lib/libXrender.so.1.3.0
7f45e9a25000-7f45e9c24000 ---p 00009000 08:01 9108                       /usr/lib/libXrender.so.1.3.0
7f45e9c24000-7f45e9c25000 r-xp 00008000 08:01 9108                       /usr/lib/libXrender.so.1.3.0
7f45e9c25000-7f45e9c26000 rwxp 00009000 08:01 9108                       /usr/lib/libXrender.so.1.3.0
7f45e9c26000-7f45e9c2f000 r-xp 00000000 08:01 9080                       /usr/lib/libXcursor.so.1.0.2
7f45e9c2f000-7f45e9e2f000 ---p 00009000 08:01 9080                       /usr/lib/libXcursor.so.1.0.2
7f45e9e2f000-7f45e9e30000 rwxp 00009000 08:01 9080                       /usr/lib/libXcursor.so.1.0.2
7f45e9e3b000-7f45e9e46000 r-xs 00108000 08:01 143493                     /home/mpaulait/workspace/liquids/lib/jogl.jar
7f45e9e46000-7f45e9e49000 ---p 7f45e9e46000 00:00 0 
7f45e9e49000-7f45e9f47000 rwxp 7f45e9e49000 00:00 0 
7f45e9f47000-7f45e9fc5000 r-xp 00000000 08:01 135518                     /usr/lib/jvm/java-6-sun-1.6.0.14/jre/lib/amd64/libfontmanager.so
7f45e9fc5000-7f45ea0c4000 ---p 0007e000 08:01 135518                     /usr/lib/jvm/java-6-sun-1.6.0.14/jre/lib/amd64/libfontmanager.so
7f45ea0c4000-7f45ea0da000 rwxp 0007d000 08:01 135518                     /usr/lib/jvm/java-6-sun-1.6.0.14/jre/lib/amd64/libfontmanager.so
7f45ea0da000-7f45ea0eb000 rwxp 7f45ea0da000 00:00 0 
7f45ea0eb000-7f45ea0f0000 r-xp 00000000 08:01 9084                       /usr/lib/libXdmcp.so.6.0.0
7f45ea0f0000-7f45ea2ef000 ---p 00005000 08:01 9084                       /usr/lib/libXdmcp.so.6.0.0
7f45ea2ef000-7f45ea2f0000 rwxp 00004000 08:01 9084                       /usr/lib/libXdmcp.so.6.0.0
7f45ea2f0000-7f45ea30b000 r-xp 00000000 08:01 81080                      /usr/lib/libxcb.so.1.1.0
7f45ea30b000-7f45ea50a000 ---p 0001b000 08:01 81080                      /usr/lib/libxcb.so.1.1.0
7f45ea50a000-7f45ea50b000 r-xp 0001a000 08:01 81080                      /usr/lib/libxcb.so.1.1.0
7f45ea50b000-7f45ea50c000 rwxp 0001b000 08:01 81080                      /usr/lib/libxcb.so.1.1.0
7f45ea50c000-7f45ea50e000 r-xp 00000000 08:01 9073                       /usr/lib/libXau.so.6.0.0
7f45ea50e000-7f45ea70d000 ---p 00002000 08:01 9073                       /usr/lib/libXau.so.6.0.0
7f45ea70d000-7f45ea70e000 r-xp 00001000 08:01 9073                       /usr/lib/libXau.so.6.0.0
7f45ea70e000-7f45ea70f000 rwxp 00002000 08:01 9073                       /usr/lib/libXau.so.6.0.0
7f45ea70f000-7f45ea718000 r-xp 00000000 08:01 82018                      /usr/lib/libXi.so.6.0.0
7f45ea718000-7f45ea918000 ---p 00009000 08:01 82018                      /usr/lib/libXi.so.6.0.0
7f45ea918000-7f45ea919000 r-xp 00009000 08:01 82018                      /usr/lib/libXi.so.6.0.0
7f45ea919000-7f45ea91a000 rwxp 0000a000 08:01 82018                      /usr/lib/libXi.so.6.0.0
7f45ea91a000-7f45ea91f000 r-xp 00000000 08:01 9114                       /usr/lib/libXtst.so.6.1.0
7f45ea91f000-7f45eab1f000 ---p 00005000 08:01 9114                       /usr/lib/libXtst.so.6.1.0
7f45eab1f000-7f45eab20000 r-xp 00005000 08:01 9114                       /usr/lib/libXtst.so.6.1.0
7f45eab20000-7f45eab21000 rwxp 00006000 08:01 9114                       /usr/lib/libXtst.so.6.1.0
7f45eab21000-7f45eac23000 r-xp 00000000 08:01 9067                       /usr/lib/libX11.so.6.2.0
7f45eac23000-7f45eae23000 ---p 00102000 08:01 9067                       /usr/lib/libX11.so.6.2.0
7f45eae23000-7f45eae24000 r-xp 00102000 08:01 9067                       /usr/lib/libX11.so.6.2.0
7f45eae24000-7f45eae28000 rwxp 00103000 08:01 9067                       /usr/lib/libX11.so.6.2.0
7f45eae28000-7f45eae39000 r-xp 00000000 08:01 9086                       /usr/lib/libXext.so.6.4.0
7f45eae39000-7f45eb038000 ---p 00011000 08:01 9086                       /usr/lib/libXext.so.6.4.0
7f45eb038000-7f45eb039000 r-xp 00010000 08:01 9086                       /usr/lib/libXext.so.6.4.0
7f45eb039000-7f45eb03a000 rwxp 00011000 08:01 9086                       /usr/lib/libXext.so.6.4.0
7f45eb03b000-7f45eb03f000 r-xs 00000000 08:01 142533                     /var/cache/fontconfig/6eb3985aa4124903f6ff08ba781cd364-x86-64.cache-2
7f45eb03f000-7f45eb043000 r-xs 00000000 08:01 106091                     /var/cache/fontconfig/a755afe4a08bf5b97852ceb7400b47bc-x86-64.cache-2
7f45eb043000-7f45eb047000 r-xs 00000000 08:01 106087                     /var/cache/fontconfig/6d41288fd70b0be22e8c3a91e032eec0-x86-64.cache-2
7f45eb047000-7f45eb050000 r-xs 00000000 08:01 106094                     /var/cache/fontconfig/d52a8644073d54c13679302ca1180695-x86-64.cache-2
7f45eb050000-7f45eb092000 r-xp 00000000 08:01 135508                     /usr/lib/jvm/java-6-sun-1.6.0.14/jre/lib/amd64/xawt/libmawt.so
7f45eb092000-7f45eb191000 ---p 00042000 08:01 135508                     /usr/lib/jvm/java-6-sun-1.6.0.14/jre/lib/amd64/xawt/libmawt.so
7f45eb191000-7f45eb19c000 rwxp 00041000 08:01 135508                     /usr/lib/jvm/java-6-sun-1.6.0.14/jre/lib/amd64/xawt/libmawt.so
7f45eb19c000-7f45eb19e000 rwxp 7f45eb19c000 00:00 0 
7f45eb19e000-7f45eb230000 r-xp 00000000 08:01 135553                     /usr/lib/jvm/java-6-sun-1.6.0.14/jre/lib/amd64/libawt.so
7f45eb230000-7f45eb32f000 ---p 00092000 08:01 135553                     /usr/lib/jvm/java-6-sun-1.6.0.14/jre/lib/amd64/libawt.so
7f45eb32f000-7f45eb348000 rwxp 00091000 08:01 135553                     /usr/lib/jvm/java-6-sun-1.6.0.14/jre/lib/amd64/libawt.so
7f45eb348000-7f45eb36d000 rwxp 7f45eb348000 00:00 0 
7f45eb36d000-7f45eb36e000 ---p 7f45eb36d000 00:00 0 
7f45eb36e000-7f45eb46e000 rwxp 7f45eb36e000 00:00 0 
7f45eb46e000-7f45eb471000 ---p 7f45eb46e000 00:00 0 
7f45eb471000-7f45eb56f000 rwxp 7f45eb471000 00:00 0 
7f45eb56f000-7f45eb572000 ---p 7f45eb56f000 00:00 0 
7f45eb572000-7f45eb670000 rwxp 7f45eb572000 00:00 0 
7f45eb670000-7f45eb673000 ---p 7f45eb670000 00:00 0 
7f45eb673000-7f45eb771000 rwxp 7f45eb673000 00:00 0 
7f45eb771000-7f45eb774000 ---p 7f45eb771000 00:00 0 
7f45eb774000-7f45eb872000 rwxp 7f45eb774000 00:00 0 
7f45eb872000-7f45eb875000 ---p 7f45eb872000 00:00 0 
7f45eb875000-7f45eb973000 rwxp 7f45eb875000 00:00 0 
7f45eb973000-7f45eb976000 ---p 7f45eb973000 00:00 0 
7f45eb976000-7f45eba74000 rwxp 7f45eb976000 00:00 0 
7f45eba74000-7f45eba77000 r-xp 00000000 08:01 135544                     /usr/lib/jvm/java-6-sun-1.6.0.14/jre/lib/amd64/libdt_socket.so
7f45eba77000-7f45ebb76000 ---p 00003000 08:01 135544                     /usr/lib/jvm/java-6-sun-1.6.0.14/jre/lib/amd64/libdt_socket.so
7f45ebb76000-7f45ebb78000 rwxp 00002000 08:01 135544                     /usr/lib/jvm/java-6-sun-1.6.0.14/jre/lib/amd64/libdt_socket.so
7f45ebb78000-7f45ebb7b000 ---p 7f45ebb78000 00:00 0 
7f45ebb7b000-7f45ebc79000 rwxp 7f45ebb7b000 00:00 0 
7f45ebc79000-7f45ebc7c000 ---p 7f45ebc79000 00:00 0 
7f45ebc7c000-7f45ebd7a000 rwxp 7f45ebc7c000 00:00 0 
7f45ebd7a000-7f45ebd7d000 ---p 7f45ebd7a000 00:00 0 
7f45ebd7d000-7f45ebe7b000 rwxp 7f45ebd7d000 00:00 0 
7f45ebe7b000-7f45ebe7c000 ---p 7f45ebe7b000 00:00 0 
7f45ebe7c000-7f45ebfdf000 rwxp 7f45ebe7c000 00:00 0 
7f45ebfdf000-7f45ec175000 r-xs 02fb1000 08:01 135503                     /usr/lib/jvm/java-6-sun-1.6.0.14/jre/lib/rt.jar
7f45ec175000-7f45ec176000 ---p 7f45ec175000 00:00 0 
7f45ec176000-7f45ec276000 rwxp 7f45ec176000 00:00 0 
7f45ec276000-7f45ec277000 ---p 7f45ec276000 00:00 0 
7f45ec277000-7f45ec38a000 rwxp 7f45ec277000 00:00 0 
7f45ec38a000-7f45ec4a3000 rwxp 7f45ec38a000 00:00 0 
7f45ec4a3000-7f45ec4ae000 rwxp 7f45ec4a3000 00:00 0 
7f45ec4ae000-7f45ec4cd000 rwxp 7f45ec4ae000 00:00 0 
7f45ec4cd000-7f45ec4e0000 rwxp 7f45ec4cd000 00:00 0 
7f45ec4e0000-7f45ec5f9000 rwxp 7f45ec4e0000 00:00 0 
7f45ec5f9000-7f45ec603000 rwxp 7f45ec5f9000 00:00 0 
7f45ec603000-7f45ec68f000 rwxp 7f45ec603000 00:00 0 
7f45ec68f000-7f45edb50000 rwxp 7f45ec68f000 00:00 0 
7f45edb50000-7f45f1a90000 rwxp 7f45edb50000 00:00 0 
7f45f1a90000-7f45f4010000 rwxp 7f45f1a90000 00:00 0 
7f45f4010000-7f4617290000 rwxp 7f45f4010000 00:00 0 
7f4617290000-7f4618550000 rwxp 7f4617290000 00:00 0 
7f4618550000-7f4629e90000 rwxp 7f4618550000 00:00 0 
7f4629e91000-7f4629e94000 r-xs 00000000 08:01 106097                     /var/cache/fontconfig/de156ccd2eddbdc19d37a45b8b2aac9c-x86-64.cache-2
7f4629e94000-7f4629e97000 r-xs 00000000 08:01 106096                     /var/cache/fontconfig/ddd4086aec35a5275babba44bb759c3c-x86-64.cache-2
7f4629e97000-7f4629e9e000 r-xs 00000000 08:01 106079                     /var/cache/fontconfig/089dead882dea3570ffc31a9898cfb69-x86-64.cache-2
7f4629e9e000-7f4629ea8000 rwxp 7f4629e9e000 00:00 0 
7f4629ea8000-7f4629f5e000 rwxp 7f4629ea8000 00:00 0 
7f4629f5e000-7f462a1ce000 rwxp 7f4629f5e000 00:00 0 
7f462a1ce000-7f462cf5e000 rwxp 7f462a1ce000 00:00 0 
7f462cf5e000-7f462cf6c000 r-xp 00000000 08:01 135520                     /usr/lib/jvm/java-6-sun-1.6.0.14/jre/lib/amd64/libzip.so
7f462cf6c000-7f462d06e000 ---p 0000e000 08:01 135520                     /usr/lib/jvm/java-6-sun-1.6.0.14/jre/lib/amd64/libzip.so
7f462d06e000-7f462d071000 rwxp 00010000 08:01 135520                     /usr/lib/jvm/java-6-sun-1.6.0.14/jre/lib/amd64/libzip.so
7f462d071000-7f462d072000 rwxp 7f462d071000 00:00 0 
7f462d072000-7f462d07e000 r-xp 00000000 08:01 2611                       /lib/libnss_files-2.9.so
7f462d07e000-7f462d27d000 ---p 0000c000 08:01 2611                       /lib/libnss_files-2.9.so
7f462d27d000-7f462d27e000 r-xp 0000b000 08:01 2611                       /lib/libnss_files-2.9.so
7f462d27e000-7f462d27f000 rwxp 0000c000 08:01 2611                       /lib/libnss_files-2.9.so
7f462d27f000-7f462d289000 r-xp 00000000 08:01 2621                       /lib/libnss_nis-2.9.so
7f462d289000-7f462d488000 ---p 0000a000 08:01 2621                       /lib/libnss_nis-2.9.so
7f462d488000-7f462d489000 r-xp 00009000 08:01 2621                       /lib/libnss_nis-2.9.so
7f462d489000-7f462d48a000 rwxp 0000a000 08:01 2621                       /lib/libnss_nis-2.9.so
7f462d48a000-7f462d492000 r-xp 00000000 08:01 2607                       /lib/libnss_compat-2.9.so
7f462d492000-7f462d691000 ---p 00008000 08:01 2607                       /lib/libnss_compat-2.9.so
7f462d691000-7f462d692000 r-xp 00007000 08:01 2607                       /lib/libnss_compat-2.9.so
7f462d692000-7f462d693000 rwxp 00008000 08:01 2607                       /lib/libnss_compat-2.9.so
7f462d693000-7f462d77e000 r-xp 00000000 08:01 13035                      /usr/lib/locale/en_US.utf8/LC_COLLATE
7f462d77e000-7f462d781000 r-xp 00000000 08:01 135512                     /usr/lib/jvm/java-6-sun-1.6.0.14/jre/lib/amd64/libnpt.so
7f462d781000-7f462d880000 ---p 00003000 08:01 135512                     /usr/lib/jvm/java-6-sun-1.6.0.14/jre/lib/amd64/libnpt.so
7f462d880000-7f462d881000 rwxp 00002000 08:01 135512                     /usr/lib/jvm/java-6-sun-1.6.0.14/jre/lib/amd64/libnpt.so
7f462d881000-7f462d8b7000 r-xp 00000000 08:01 135537                     /usr/lib/jvm/java-6-sun-1.6.0.14/jre/lib/amd64/libjdwp.so
7f462d8b7000-7f462d9b6000 ---p 00036000 08:01 135537                     /usr/lib/jvm/java-6-sun-1.6.0.14/jre/lib/amd64/libjdwp.so
7f462d9b6000-7f462d9c0000 rwxp 00035000 08:01 135537                     /usr/lib/jvm/java-6-sun-1.6.0.14/jre/lib/amd64/libjdwp.so
7f462d9c0000-7f462d9c7000 r-xp 00000000 08:01 135522                     /usr/lib/jvm/java-6-sun-1.6.0.14/jre/lib/amd64/native_threads/libhpi.so
7f462d9c7000-7f462dac8000 ---p 00007000 08:01 135522                     /usr/lib/jvm/java-6-sun-1.6.0.14/jre/lib/amd64/native_threads/libhpi.so
7f462dac8000-7f462daca000 rwxp 00008000 08:01 135522                     /usr/lib/jvm/java-6-sun-1.6.0.14/jre/lib/amd64/native_threads/libhpi.so
7f462daca000-7f462dacb000 rwxp 7f462daca000 00:00 0 
7f462dacb000-7f462dae1000 r-xp 00000000 08:01 2605                       /lib/libnsl-2.9.so
7f462dae1000-7f462dce1000 ---p 00016000 08:01 2605                       /lib/libnsl-2.9.so
7f462dce1000-7f462dce2000 r-xp 00016000 08:01 2605                       /lib/libnsl-2.9.so
7f462dce2000-7f462dce3000 rwxp 00017000 08:01 2605                       /lib/libnsl-2.9.so
7f462dce3000-7f462dce5000 rwxp 7f462dce3000 00:00 0 
7f462dce5000-7f462dd0e000 r-xp 00000000 08:01 135533                     /usr/lib/jvm/java-6-sun-1.6.0.14/jre/lib/amd64/libjava.so
7f462dd0e000-7f462de0d000 ---p 00029000 08:01 135533                     /usr/lib/jvm/java-6-sun-1.6.0.14/jre/lib/amd64/libjava.so
7f462de0d000-7f462de14000 rwxp 00028000 08:01 135533                     /usr/lib/jvm/java-6-sun-1.6.0.14/jre/lib/amd64/libjava.so
7f462de14000-7f462de21000 r-xp 00000000 08:01 135515                     /usr/lib/jvm/java-6-sun-1.6.0.14/jre/lib/amd64/libverify.so
7f462de21000-7f462df20000 ---p 0000d000 08:01 135515                     /usr/lib/jvm/java-6-sun-1.6.0.14/jre/lib/amd64/libverify.so
7f462df20000-7f462df23000 rwxp 0000c000 08:01 135515                     /usr/lib/jvm/java-6-sun-1.6.0.14/jre/lib/amd64/libverify.so
7f462df23000-7f462df2a000 r-xp 00000000 08:01 2649                       /lib/librt-2.9.so
7f462df2a000-7f462e129000 ---p 00007000 08:01 2649                       /lib/librt-2.9.so
7f462e129000-7f462e12a000 r-xp 00006000 08:01 2649                       /lib/librt-2.9.so
7f462e12a000-7f462e12b000 rwxp 00007000 08:01 2649                       /lib/librt-2.9.so
7f462e12b000-7f462e12e000 ---p 7f462e12b000 00:00 0 
7f462e12e000-7f462e22c000 rwxp 7f462e12e000 00:00 0 
7f462e22c000-7f462e2b0000 r-xp 00000000 08:01 2598                       /lib/libm-2.9.so
7f462e2b0000-7f462e4af000 ---p 00084000 08:01 2598                       /lib/libm-2.9.so
7f462e4af000-7f462e4b0000 r-xp 00083000 08:01 2598                       /lib/libm-2.9.so
7f462e4b0000-7f462e4b1000 rwxp 00084000 08:01 2598                       /lib/libm-2.9.so
7f462e4b1000-7f462ec0f000 r-xp 00000000 08:01 135540                     /usr/lib/jvm/java-6-sun-1.6.0.14/jre/lib/amd64/server/libjvm.so
7f462ec0f000-7f462ed0e000 ---p 0075e000 08:01 135540                     /usr/lib/jvm/java-6-sun-1.6.0.14/jre/lib/amd64/server/libjvm.so
7f462ed0e000-7f462ee86000 rwxp 0075d000 08:01 135540                     /usr/lib/jvm/java-6-sun-1.6.0.14/jre/lib/amd64/server/libjvm.so
7f462ee86000-7f462eec4000 rwxp 7f462ee86000 00:00 0 
7f462eec4000-7f462f02c000 r-xp 00000000 08:01 2565                       /lib/libc-2.9.so
7f462f02c000-7f462f22c000 ---p 00168000 08:01 2565                       /lib/libc-2.9.so
7f462f22c000-7f462f230000 r-xp 00168000 08:01 2565                       /lib/libc-2.9.so
7f462f230000-7f462f231000 rwxp 0016c000 08:01 2565                       /lib/libc-2.9.so
7f462f231000-7f462f236000 rwxp 7f462f231000 00:00 0 
7f462f236000-7f462f238000 r-xp 00000000 08:01 2579                       /lib/libdl-2.9.so
7f462f238000-7f462f438000 ---p 00002000 08:01 2579                       /lib/libdl-2.9.so
7f462f438000-7f462f439000 r-xp 00002000 08:01 2579                       /lib/libdl-2.9.so
7f462f439000-7f462f43a000 rwxp 00003000 08:01 2579                       /lib/libdl-2.9.so
7f462f43a000-7f462f451000 r-xp 00000000 08:01 2643                       /lib/libpthread-2.9.so
7f462f451000-7f462f650000 ---p 00017000 08:01 2643                       /lib/libpthread-2.9.so
7f462f650000-7f462f651000 r-xp 00016000 08:01 2643                       /lib/libpthread-2.9.so
7f462f651000-7f462f652000 rwxp 00017000 08:01 2643                       /lib/libpthread-2.9.so
7f462f652000-7f462f656000 rwxp 7f462f652000 00:00 0 
7f462f656000-7f462f676000 r-xp 00000000 08:01 2545                       /lib/ld-2.9.so
7f462f676000-7f462f677000 r-xs 00004000 08:01 143492                     /home/mpaulait/workspace/liquids/lib/gluegen-rt.jar
7f462f677000-7f462f678000 r-xs 00000000 08:01 106085                     /var/cache/fontconfig/4c73fe0c47614734b17d736dbde7580a-x86-64.cache-2
7f462f678000-7f462f679000 r-xs 00000000 08:01 106083                     /var/cache/fontconfig/4794a0821666d79190d59a36cb4f44b5-x86-64.cache-2
7f462f679000-7f462f683000 r-xs 00000000 08:01 142534                     /var/cache/fontconfig/e13b20fdb08344e0e664864cc2ede53d-x86-64.cache-2
7f462f683000-7f462f6e9000 rwxp 7f462f683000 00:00 0 
7f462f6e9000-7f462f708000 rwxp 7f462f6e9000 00:00 0 
7f462f708000-7f462f710000 rwxs 00000000 08:01 5809                       /tmp/hsperfdata_mpaulait/31717
7f462f710000-7f462f74f000 r-xp 00000000 08:01 13036                      /usr/lib/locale/en_US.utf8/LC_CTYPE
7f462f74f000-7f462f751000 rwxp 7f462f74f000 00:00 0 
7f462f751000-7f462f758000 r-xp 00000000 08:01 135506                     /usr/lib/jvm/java-6-sun-1.6.0.14/jre/lib/amd64/jli/libjli.so
7f462f758000-7f462f859000 ---p 00007000 08:01 135506                     /usr/lib/jvm/java-6-sun-1.6.0.14/jre/lib/amd64/jli/libjli.so
7f462f859000-7f462f85b000 rwxp 00008000 08:01 135506                     /usr/lib/jvm/java-6-sun-1.6.0.14/jre/lib/amd64/jli/libjli.so
7f462f85b000-7f462f85c000 rwxp 7f462f85b000 00:00 0 
7f462f85c000-7f462f85f000 r-xs 00000000 08:01 142535                     /var/cache/fontconfig/7ef2298fde41cc6eeb7af42e48b7d293-x86-64.cache-2
7f462f85f000-7f462f860000 r-xp 00000000 08:01 13041                      /usr/lib/locale/en_US.utf8/LC_NUMERIC
7f462f860000-7f462f861000 r-xp 00000000 08:01 13044                      /usr/lib/locale/en_US.utf8/LC_TIME
7f462f861000-7f462f862000 r-xp 00000000 08:01 13039                      /usr/lib/locale/en_US.utf8/LC_MONETARY
7f462f862000-7f462f863000 r-xp 00000000 08:01 13045                      /usr/lib/locale/en_US.utf8/LC_MESSAGES/SYS_LC_MESSAGES
7f462f863000-7f462f864000 r-xp 00000000 08:01 13042                      /usr/lib/locale/en_US.utf8/LC_PAPER
7f462f864000-7f462f865000 r-xp 00000000 08:01 13040                      /usr/lib/locale/en_US.utf8/LC_NAME
7f462f865000-7f462f866000 r-xp 00000000 08:01 13034                      /usr/lib/locale/en_US.utf8/LC_ADDRESS
7f462f866000-7f462f867000 r-xp 00000000 08:01 13043                      /usr/lib/locale/en_US.utf8/LC_TELEPHONE
7f462f867000-7f462f868000 r-xp 00000000 08:01 13038                      /usr/lib/locale/en_US.utf8/LC_MEASUREMENT
7f462f868000-7f462f86f000 r-xs 00000000 08:01 11675                      /usr/lib/gconv/gconv-modules.cache
7f462f86f000-7f462f870000 r-xp 00000000 08:01 13037                      /usr/lib/locale/en_US.utf8/LC_IDENTIFICATION
7f462f870000-7f462f871000 rwxp 7f462f870000 00:00 0 
7f462f871000-7f462f872000 r-xp 7f462f871000 00:00 0 
7f462f872000-7f462f875000 rwxp 7f462f872000 00:00 0 
7f462f875000-7f462f876000 r-xp 0001f000 08:01 2545                       /lib/ld-2.9.so
7f462f876000-7f462f877000 rwxp 00020000 08:01 2545                       /lib/ld-2.9.so
7fff37862000-7fff37877000 rwxp 7ffffffea000 00:00 0                      [stack]
7fff379ff000-7fff37a00000 r-xp 7fff379ff000 00:00 0                      [vdso]
ffffffffff600000-ffffffffff601000 r-xp 00000000 00:00 0                  [vsyscall]

VM Arguments:
jvm_args: -agentlib:jdwp=transport=dt_socket,suspend=y,address=localhost:42830 -Djava.library.path=/home/mpaulait/workspace/liquids/native -Dfile.encoding=UTF-8 
java_command: ch.hsr.ifs.liquids.Liquids
Launcher Type: SUN_STANDARD

Environment Variables:
PATH=/usr/local/sbin:/usr/local/bin:/usr/sbin:/usr/bin:/sbin:/bin:/usr/games
USERNAME=mpaulait
LD_LIBRARY_PATH=/usr/lib/jvm/java-6-sun-1.6.0.14/jre/lib/amd64/server:/usr/lib/jvm/java-6-sun-1.6.0.14/jre/lib/amd64:/usr/lib/jvm/java-6-sun-1.6.0.14/jre/../lib/amd64:/usr/lib64/xulrunner-addons
SHELL=/bin/bash
DISPLAY=:0.0

Signal Handlers:
SIGSEGV: [libjvm.so+0x6bd980], sa_mask[0]=0x7ffbfeff, sa_flags=0x10000004
SIGBUS: [libjvm.so+0x6bd980], sa_mask[0]=0x7ffbfeff, sa_flags=0x10000004
SIGFPE: [libjvm.so+0x594cc0], sa_mask[0]=0x7ffbfeff, sa_flags=0x10000004
SIGPIPE: [libjvm.so+0x594cc0], sa_mask[0]=0x7ffbfeff, sa_flags=0x10000004
SIGXFSZ: [libjvm.so+0x594cc0], sa_mask[0]=0x7ffbfeff, sa_flags=0x10000004
SIGILL: [libjvm.so+0x594cc0], sa_mask[0]=0x7ffbfeff, sa_flags=0x10000004
SIGUSR1: SIG_DFL, sa_mask[0]=0x00000000, sa_flags=0x00000000
SIGUSR2: [libjvm.so+0x597480], sa_mask[0]=0x00000004, sa_flags=0x10000004
SIGHUP: [libjvm.so+0x5971d0], sa_mask[0]=0x7ffbfeff, sa_flags=0x10000004
SIGINT: [libjvm.so+0x5971d0], sa_mask[0]=0x7ffbfeff, sa_flags=0x10000004
SIGTERM: [libjvm.so+0x5971d0], sa_mask[0]=0x7ffbfeff, sa_flags=0x10000004
SIGQUIT: [libjvm.so+0x5971d0], sa_mask[0]=0x7ffbfeff, sa_flags=0x10000004


---------------  S Y S T E M  ---------------

OS:5.0

uname:Linux 2.6.28-15-generic #49-Ubuntu SMP Tue Aug 18 19:25:34 UTC 2009 x86_64
libc:glibc 2.9 NPTL 2.9 
rlimit: STACK 8192k, CORE 0k, NPROC infinity, NOFILE 1024, AS infinity
load average:2.67 1.82 1.37

CPU:total 2 (2 cores per cpu, 1 threads per core) family 6 model 23 stepping 10, cmov, cx8, fxsr, mmx, sse, sse2, sse3, ssse3, sse4.1

Memory: 4k page, physical 3686320k(1005772k free), swap 0k(0k free)

vm_info: Java HotSpot(TM) 64-Bit Server VM (14.0-b16) for linux-amd64 JRE (1.6.0_14-b08), built on May 21 2009 01:11:11 by "java_re" with gcc 3.2.2 (SuSE Linux)

time: Mon Aug 31 20:25:14 2009
elapsed time: 91 seconds

